2026-06-07 07:39:58 [info]: Connected to MongoDB
2026-06-07 07:39:58 [info]: Deliveries already exist — skipping
2026-06-07 07:40:08 [warn]: AWS credentials not set — document uploads will be saved locally in dev mode
2026-06-07 07:40:09 [info]: MongoDB connected → localhost (swiftdrop)
2026-06-07 07:43:18 [warn]: AWS credentials not set — document uploads will be saved locally in dev mode
2026-06-07 07:43:18 [info]: MongoDB connected → localhost (swiftdrop)
2026-06-07 07:43:18 [info]: SwiftDrop Auth API running on port 5000 [development]
2026-06-07 07:43:18 [info]: Health: http://localhost:5000/api/v1/health
2026-06-07 07:45:14 [error]: 500 — Cannot read properties of undefined (reading 'filter')
TypeError: Cannot read properties of undefined (reading 'filter')
    at model.<anonymous> (C:\Users\dougl\OneDrive\Desktop\New application\SwiftDrop-SyncV5\SwiftDrop-Sync\backend\src\models\Rider.js:166:6)
    at VirtualType.applyGetters (C:\Users\dougl\OneDrive\Desktop\New application\SwiftDrop-SyncV5\SwiftDrop-Sync\backend\node_modules\mongoose\lib\virtualType.js:152:16)
    at applyVirtuals (C:\Users\dougl\OneDrive\Desktop\New application\SwiftDrop-SyncV5\SwiftDrop-Sync\backend\node_modules\mongoose\lib\document.js:4224:26)
    at Document.$toObject (C:\Users\dougl\OneDrive\Desktop\New application\SwiftDrop-SyncV5\SwiftDrop-Sync\backend\node_modules\mongoose\lib\document.js:3951:5)
    at Document.toJSON (C:\Users\dougl\OneDrive\Desktop\New application\SwiftDrop-SyncV5\SwiftDrop-Sync\backend\node_modules\mongoose\lib\document.js:4436:15)
    at clone (C:\Users\dougl\OneDrive\Desktop\New application\SwiftDrop-SyncV5\SwiftDrop-Sync\backend\node_modules\mongoose\lib\helpers\clone.js:87:17)
    at cloneObject (C:\Users\dougl\OneDrive\Desktop\New application\SwiftDrop-SyncV5\SwiftDrop-Sync\backend\node_modules\mongoose\lib\helpers\clone.js:186:17)
    at clone (C:\Users\dougl\OneDrive\Desktop\New application\SwiftDrop-SyncV5\SwiftDrop-Sync\backend\node_modules\mongoose\lib\helpers\clone.js:100:16)
    at Document.$toObject (C:\Users\dougl\OneDrive\Desktop\New application\SwiftDrop-SyncV5\SwiftDrop-Sync\backend\node_modules\mongoose\lib\document.js:3929:11)
    at Document.toJSON (C:\Users\dougl\OneDrive\Desktop\New application\SwiftDrop-SyncV5\SwiftDrop-Sync\backend\node_modules\mongoose\lib\document.js:4436:15)
2026-06-07 07:45:26 [error]: 500 — Cannot read properties of undefined (reading 'filter')
TypeError: Cannot read properties of undefined (reading 'filter')
    at model.<anonymous> (C:\Users\dougl\OneDrive\Desktop\New application\SwiftDrop-SyncV5\SwiftDrop-Sync\backend\src\models\Rider.js:166:6)
    at VirtualType.applyGetters (C:\Users\dougl\OneDrive\Desktop\New application\SwiftDrop-SyncV5\SwiftDrop-Sync\backend\node_modules\mongoose\lib\virtualType.js:152:16)
    at applyVirtuals (C:\Users\dougl\OneDrive\Desktop\New application\SwiftDrop-SyncV5\SwiftDrop-Sync\backend\node_modules\mongoose\lib\document.js:4224:26)
    at Document.$toObject (C:\Users\dougl\OneDrive\Desktop\New application\SwiftDrop-SyncV5\SwiftDrop-Sync\backend\node_modules\mongoose\lib\document.js:3951:5)
    at Document.toJSON (C:\Users\dougl\OneDrive\Desktop\New application\SwiftDrop-SyncV5\SwiftDrop-Sync\backend\node_modules\mongoose\lib\document.js:4436:15)
    at clone (C:\Users\dougl\OneDrive\Desktop\New application\SwiftDrop-SyncV5\SwiftDrop-Sync\backend\node_modules\mongoose\lib\helpers\clone.js:87:17)
    at cloneObject (C:\Users\dougl\OneDrive\Desktop\New application\SwiftDrop-SyncV5\SwiftDrop-Sync\backend\node_modules\mongoose\lib\helpers\clone.js:186:17)
    at clone (C:\Users\dougl\OneDrive\Desktop\New application\SwiftDrop-SyncV5\SwiftDrop-Sync\backend\node_modules\mongoose\lib\helpers\clone.js:100:16)
    at Document.$toObject (C:\Users\dougl\OneDrive\Desktop\New application\SwiftDrop-SyncV5\SwiftDrop-Sync\backend\node_modules\mongoose\lib\document.js:3929:11)
    at Document.toJSON (C:\Users\dougl\OneDrive\Desktop\New application\SwiftDrop-SyncV5\SwiftDrop-Sync\backend\node_modules\mongoose\lib\document.js:4436:15)
2026-06-07 07:46:30 [info]: Delivery created: 6a2513c674928cf86b3738b2 by user 6a1c0f1d8ed2d3692aae82b0 → finding_rider
2026-06-07 07:46:30 [info]: Rider auto-assigned: 6a211ce6db901086b70f1b20 → delivery 6a2513c674928cf86b3738b2
2026-06-07 07:46:34 [error]: 500 — Cannot read properties of undefined (reading 'filter')
TypeError: Cannot read properties of undefined (reading 'filter')
    at model.<anonymous> (C:\Users\dougl\OneDrive\Desktop\New application\SwiftDrop-SyncV5\SwiftDrop-Sync\backend\src\models\Rider.js:166:6)
    at VirtualType.applyGetters (C:\Users\dougl\OneDrive\Desktop\New application\SwiftDrop-SyncV5\SwiftDrop-Sync\backend\node_modules\mongoose\lib\virtualType.js:152:16)
    at applyVirtuals (C:\Users\dougl\OneDrive\Desktop\New application\SwiftDrop-SyncV5\SwiftDrop-Sync\backend\node_modules\mongoose\lib\document.js:4224:26)
    at Document.$toObject (C:\Users\dougl\OneDrive\Desktop\New application\SwiftDrop-SyncV5\SwiftDrop-Sync\backend\node_modules\mongoose\lib\document.js:3951:5)
    at Document.toJSON (C:\Users\dougl\OneDrive\Desktop\New application\SwiftDrop-SyncV5\SwiftDrop-Sync\backend\node_modules\mongoose\lib\document.js:4436:15)
    at clone (C:\Users\dougl\OneDrive\Desktop\New application\SwiftDrop-SyncV5\SwiftDrop-Sync\backend\node_modules\mongoose\lib\helpers\clone.js:87:17)
    at cloneObject (C:\Users\dougl\OneDrive\Desktop\New application\SwiftDrop-SyncV5\SwiftDrop-Sync\backend\node_modules\mongoose\lib\helpers\clone.js:186:17)
    at clone (C:\Users\dougl\OneDrive\Desktop\New application\SwiftDrop-SyncV5\SwiftDrop-Sync\backend\node_modules\mongoose\lib\helpers\clone.js:100:16)
    at Document.$toObject (C:\Users\dougl\OneDrive\Desktop\New application\SwiftDrop-SyncV5\SwiftDrop-Sync\backend\node_modules\mongoose\lib\document.js:3929:11)
    at Document.toJSON (C:\Users\dougl\OneDrive\Desktop\New application\SwiftDrop-SyncV5\SwiftDrop-Sync\backend\node_modules\mongoose\lib\document.js:4436:15)
2026-06-07 07:46:38 [error]: 500 — Cannot read properties of undefined (reading 'filter')
TypeError: Cannot read properties of undefined (reading 'filter')
    at model.<anonymous> (C:\Users\dougl\OneDrive\Desktop\New application\SwiftDrop-SyncV5\SwiftDrop-Sync\backend\src\models\Rider.js:166:6)
    at VirtualType.applyGetters (C:\Users\dougl\OneDrive\Desktop\New application\SwiftDrop-SyncV5\SwiftDrop-Sync\backend\node_modules\mongoose\lib\virtualType.js:152:16)
    at applyVirtuals (C:\Users\dougl\OneDrive\Desktop\New application\SwiftDrop-SyncV5\SwiftDrop-Sync\backend\node_modules\mongoose\lib\document.js:4224:26)
    at Document.$toObject (C:\Users\dougl\OneDrive\Desktop\New application\SwiftDrop-SyncV5\SwiftDrop-Sync\backend\node_modules\mongoose\lib\document.js:3951:5)
    at Document.toJSON (C:\Users\dougl\OneDrive\Desktop\New application\SwiftDrop-SyncV5\SwiftDrop-Sync\backend\node_modules\mongoose\lib\document.js:4436:15)
    at clone (C:\Users\dougl\OneDrive\Desktop\New application\SwiftDrop-SyncV5\SwiftDrop-Sync\backend\node_modules\mongoose\lib\helpers\clone.js:87:17)
    at cloneObject (C:\Users\dougl\OneDrive\Desktop\New application\SwiftDrop-SyncV5\SwiftDrop-Sync\backend\node_modules\mongoose\lib\helpers\clone.js:186:17)
    at clone (C:\Users\dougl\OneDrive\Desktop\New application\SwiftDrop-SyncV5\SwiftDrop-Sync\backend\node_modules\mongoose\lib\helpers\clone.js:100:16)
    at Document.$toObject (C:\Users\dougl\OneDrive\Desktop\New application\SwiftDrop-SyncV5\SwiftDrop-Sync\backend\node_modules\mongoose\lib\document.js:3929:11)
    at Document.toJSON (C:\Users\dougl\OneDrive\Desktop\New application\SwiftDrop-SyncV5\SwiftDrop-Sync\backend\node_modules\mongoose\lib\document.js:4436:15)
2026-06-07 07:46:42 [error]: 500 — Cannot read properties of undefined (reading 'filter')
TypeError: Cannot read properties of undefined (reading 'filter')
    at model.<anonymous> (C:\Users\dougl\OneDrive\Desktop\New application\SwiftDrop-SyncV5\SwiftDrop-Sync\backend\src\models\Rider.js:166:6)
    at VirtualType.applyGetters (C:\Users\dougl\OneDrive\Desktop\New application\SwiftDrop-SyncV5\SwiftDrop-Sync\backend\node_modules\mongoose\lib\virtualType.js:152:16)
    at applyVirtuals (C:\Users\dougl\OneDrive\Desktop\New application\SwiftDrop-SyncV5\SwiftDrop-Sync\backend\node_modules\mongoose\lib\document.js:4224:26)
    at Document.$toObject (C:\Users\dougl\OneDrive\Desktop\New application\SwiftDrop-SyncV5\SwiftDrop-Sync\backend\node_modules\mongoose\lib\document.js:3951:5)
    at Document.toJSON (C:\Users\dougl\OneDrive\Desktop\New application\SwiftDrop-SyncV5\SwiftDrop-Sync\backend\node_modules\mongoose\lib\document.js:4436:15)
    at clone (C:\Users\dougl\OneDrive\Desktop\New application\SwiftDrop-SyncV5\SwiftDrop-Sync\backend\node_modules\mongoose\lib\helpers\clone.js:87:17)
    at cloneObject (C:\Users\dougl\OneDrive\Desktop\New application\SwiftDrop-SyncV5\SwiftDrop-Sync\backend\node_modules\mongoose\lib\helpers\clone.js:186:17)
    at clone (C:\Users\dougl\OneDrive\Desktop\New application\SwiftDrop-SyncV5\SwiftDrop-Sync\backend\node_modules\mongoose\lib\helpers\clone.js:100:16)
    at Document.$toObject (C:\Users\dougl\OneDrive\Desktop\New application\SwiftDrop-SyncV5\SwiftDrop-Sync\backend\node_modules\mongoose\lib\document.js:3929:11)
    at Document.toJSON (C:\Users\dougl\OneDrive\Desktop\New application\SwiftDrop-SyncV5\SwiftDrop-Sync\backend\node_modules\mongoose\lib\document.js:4436:15)
2026-06-07 07:46:46 [error]: 500 — Cannot read properties of undefined (reading 'filter')
TypeError: Cannot read properties of undefined (reading 'filter')
    at model.<anonymous> (C:\Users\dougl\OneDrive\Desktop\New application\SwiftDrop-SyncV5\SwiftDrop-Sync\backend\src\models\Rider.js:166:6)
    at VirtualType.applyGetters (C:\Users\dougl\OneDrive\Desktop\New application\SwiftDrop-SyncV5\SwiftDrop-Sync\backend\node_modules\mongoose\lib\virtualType.js:152:16)
    at applyVirtuals (C:\Users\dougl\OneDrive\Desktop\New application\SwiftDrop-SyncV5\SwiftDrop-Sync\backend\node_modules\mongoose\lib\document.js:4224:26)
    at Document.$toObject (C:\Users\dougl\OneDrive\Desktop\New application\SwiftDrop-SyncV5\SwiftDrop-Sync\backend\node_modules\mongoose\lib\document.js:3951:5)
    at Document.toJSON (C:\Users\dougl\OneDrive\Desktop\New application\SwiftDrop-SyncV5\SwiftDrop-Sync\backend\node_modules\mongoose\lib\document.js:4436:15)
    at clone (C:\Users\dougl\OneDrive\Desktop\New application\SwiftDrop-SyncV5\SwiftDrop-Sync\backend\node_modules\mongoose\lib\helpers\clone.js:87:17)
    at cloneObject (C:\Users\dougl\OneDrive\Desktop\New application\SwiftDrop-SyncV5\SwiftDrop-Sync\backend\node_modules\mongoose\lib\helpers\clone.js:186:17)
    at clone (C:\Users\dougl\OneDrive\Desktop\New application\SwiftDrop-SyncV5\SwiftDrop-Sync\backend\node_modules\mongoose\lib\helpers\clone.js:100:16)
    at Document.$toObject (C:\Users\dougl\OneDrive\Desktop\New application\SwiftDrop-SyncV5\SwiftDrop-Sync\backend\node_modules\mongoose\lib\document.js:3929:11)
    at Document.toJSON (C:\Users\dougl\OneDrive\Desktop\New application\SwiftDrop-SyncV5\SwiftDrop-Sync\backend\node_modules\mongoose\lib\document.js:4436:15)
2026-06-07 07:46:50 [error]: 500 — Cannot read properties of undefined (reading 'filter')
TypeError: Cannot read properties of undefined (reading 'filter')
    at model.<anonymous> (C:\Users\dougl\OneDrive\Desktop\New application\SwiftDrop-SyncV5\SwiftDrop-Sync\backend\src\models\Rider.js:166:6)
    at VirtualType.applyGetters (C:\Users\dougl\OneDrive\Desktop\New application\SwiftDrop-SyncV5\SwiftDrop-Sync\backend\node_modules\mongoose\lib\virtualType.js:152:16)
    at applyVirtuals (C:\Users\dougl\OneDrive\Desktop\New application\SwiftDrop-SyncV5\SwiftDrop-Sync\backend\node_modules\mongoose\lib\document.js:4224:26)
    at Document.$toObject (C:\Users\dougl\OneDrive\Desktop\New application\SwiftDrop-SyncV5\SwiftDrop-Sync\backend\node_modules\mongoose\lib\document.js:3951:5)
    at Document.toJSON (C:\Users\dougl\OneDrive\Desktop\New application\SwiftDrop-SyncV5\SwiftDrop-Sync\backend\node_modules\mongoose\lib\document.js:4436:15)
    at clone (C:\Users\dougl\OneDrive\Desktop\New application\SwiftDrop-SyncV5\SwiftDrop-Sync\backend\node_modules\mongoose\lib\helpers\clone.js:87:17)
    at cloneObject (C:\Users\dougl\OneDrive\Desktop\New application\SwiftDrop-SyncV5\SwiftDrop-Sync\backend\node_modules\mongoose\lib\helpers\clone.js:186:17)
    at clone (C:\Users\dougl\OneDrive\Desktop\New application\SwiftDrop-SyncV5\SwiftDrop-Sync\backend\node_modules\mongoose\lib\helpers\clone.js:100:16)
    at Document.$toObject (C:\Users\dougl\OneDrive\Desktop\New application\SwiftDrop-SyncV5\SwiftDrop-Sync\backend\node_modules\mongoose\lib\document.js:3929:11)
    at Document.toJSON (C:\Users\dougl\OneDrive\Desktop\New application\SwiftDrop-SyncV5\SwiftDrop-Sync\backend\node_modules\mongoose\lib\document.js:4436:15)
2026-06-07 07:46:54 [error]: 500 — Cannot read properties of undefined (reading 'filter')
TypeError: Cannot read properties of undefined (reading 'filter')
    at model.<anonymous> (C:\Users\dougl\OneDrive\Desktop\New application\SwiftDrop-SyncV5\SwiftDrop-Sync\backend\src\models\Rider.js:166:6)
    at VirtualType.applyGetters (C:\Users\dougl\OneDrive\Desktop\New application\SwiftDrop-SyncV5\SwiftDrop-Sync\backend\node_modules\mongoose\lib\virtualType.js:152:16)
    at applyVirtuals (C:\Users\dougl\OneDrive\Desktop\New application\SwiftDrop-SyncV5\SwiftDrop-Sync\backend\node_modules\mongoose\lib\document.js:4224:26)
    at Document.$toObject (C:\Users\dougl\OneDrive\Desktop\New application\SwiftDrop-SyncV5\SwiftDrop-Sync\backend\node_modules\mongoose\lib\document.js:3951:5)
    at Document.toJSON (C:\Users\dougl\OneDrive\Desktop\New application\SwiftDrop-SyncV5\SwiftDrop-Sync\backend\node_modules\mongoose\lib\document.js:4436:15)
    at clone (C:\Users\dougl\OneDrive\Desktop\New application\SwiftDrop-SyncV5\SwiftDrop-Sync\backend\node_modules\mongoose\lib\helpers\clone.js:87:17)
    at cloneObject (C:\Users\dougl\OneDrive\Desktop\New application\SwiftDrop-SyncV5\SwiftDrop-Sync\backend\node_modules\mongoose\lib\helpers\clone.js:186:17)
    at clone (C:\Users\dougl\OneDrive\Desktop\New application\SwiftDrop-SyncV5\SwiftDrop-Sync\backend\node_modules\mongoose\lib\helpers\clone.js:100:16)
    at Document.$toObject (C:\Users\dougl\OneDrive\Desktop\New application\SwiftDrop-SyncV5\SwiftDrop-Sync\backend\node_modules\mongoose\lib\document.js:3929:11)
    at Document.toJSON (C:\Users\dougl\OneDrive\Desktop\New application\SwiftDrop-SyncV5\SwiftDrop-Sync\backend\node_modules\mongoose\lib\document.js:4436:15)
2026-06-07 07:46:58 [error]: 500 — Cannot read properties of undefined (reading 'filter')
TypeError: Cannot read properties of undefined (reading 'filter')
    at model.<anonymous> (C:\Users\dougl\OneDrive\Desktop\New application\SwiftDrop-SyncV5\SwiftDrop-Sync\backend\src\models\Rider.js:166:6)
    at VirtualType.applyGetters (C:\Users\dougl\OneDrive\Desktop\New application\SwiftDrop-SyncV5\SwiftDrop-Sync\backend\node_modules\mongoose\lib\virtualType.js:152:16)
    at applyVirtuals (C:\Users\dougl\OneDrive\Desktop\New application\SwiftDrop-SyncV5\SwiftDrop-Sync\backend\node_modules\mongoose\lib\document.js:4224:26)
    at Document.$toObject (C:\Users\dougl\OneDrive\Desktop\New application\SwiftDrop-SyncV5\SwiftDrop-Sync\backend\node_modules\mongoose\lib\document.js:3951:5)
    at Document.toJSON (C:\Users\dougl\OneDrive\Desktop\New application\SwiftDrop-SyncV5\SwiftDrop-Sync\backend\node_modules\mongoose\lib\document.js:4436:15)
    at clone (C:\Users\dougl\OneDrive\Desktop\New application\SwiftDrop-SyncV5\SwiftDrop-Sync\backend\node_modules\mongoose\lib\helpers\clone.js:87:17)
    at cloneObject (C:\Users\dougl\OneDrive\Desktop\New application\SwiftDrop-SyncV5\SwiftDrop-Sync\backend\node_modules\mongoose\lib\helpers\clone.js:186:17)
    at clone (C:\Users\dougl\OneDrive\Desktop\New application\SwiftDrop-SyncV5\SwiftDrop-Sync\backend\node_modules\mongoose\lib\helpers\clone.js:100:16)
    at Document.$toObject (C:\Users\dougl\OneDrive\Desktop\New application\SwiftDrop-SyncV5\SwiftDrop-Sync\backend\node_modules\mongoose\lib\document.js:3929:11)
    at Document.toJSON (C:\Users\dougl\OneDrive\Desktop\New application\SwiftDrop-SyncV5\SwiftDrop-Sync\backend\node_modules\mongoose\lib\document.js:4436:15)
2026-06-07 07:47:02 [error]: 500 — Cannot read properties of undefined (reading 'filter')
TypeError: Cannot read properties of undefined (reading 'filter')
    at model.<anonymous> (C:\Users\dougl\OneDrive\Desktop\New application\SwiftDrop-SyncV5\SwiftDrop-Sync\backend\src\models\Rider.js:166:6)
    at VirtualType.applyGetters (C:\Users\dougl\OneDrive\Desktop\New application\SwiftDrop-SyncV5\SwiftDrop-Sync\backend\node_modules\mongoose\lib\virtualType.js:152:16)
    at applyVirtuals (C:\Users\dougl\OneDrive\Desktop\New application\SwiftDrop-SyncV5\SwiftDrop-Sync\backend\node_modules\mongoose\lib\document.js:4224:26)
    at Document.$toObject (C:\Users\dougl\OneDrive\Desktop\New application\SwiftDrop-SyncV5\SwiftDrop-Sync\backend\node_modules\mongoose\lib\document.js:3951:5)
    at Document.toJSON (C:\Users\dougl\OneDrive\Desktop\New application\SwiftDrop-SyncV5\SwiftDrop-Sync\backend\node_modules\mongoose\lib\document.js:4436:15)
    at clone (C:\Users\dougl\OneDrive\Desktop\New application\SwiftDrop-SyncV5\SwiftDrop-Sync\backend\node_modules\mongoose\lib\helpers\clone.js:87:17)
    at cloneObject (C:\Users\dougl\OneDrive\Desktop\New application\SwiftDrop-SyncV5\SwiftDrop-Sync\backend\node_modules\mongoose\lib\helpers\clone.js:186:17)
    at clone (C:\Users\dougl\OneDrive\Desktop\New application\SwiftDrop-SyncV5\SwiftDrop-Sync\backend\node_modules\mongoose\lib\helpers\clone.js:100:16)
    at Document.$toObject (C:\Users\dougl\OneDrive\Desktop\New application\SwiftDrop-SyncV5\SwiftDrop-Sync\backend\node_modules\mongoose\lib\document.js:3929:11)
    at Document.toJSON (C:\Users\dougl\OneDrive\Desktop\New application\SwiftDrop-SyncV5\SwiftDrop-Sync\backend\node_modules\mongoose\lib\document.js:4436:15)
2026-06-07 07:47:06 [error]: 500 — Cannot read properties of undefined (reading 'filter')
TypeError: Cannot read properties of undefined (reading 'filter')
    at model.<anonymous> (C:\Users\dougl\OneDrive\Desktop\New application\SwiftDrop-SyncV5\SwiftDrop-Sync\backend\src\models\Rider.js:166:6)
    at VirtualType.applyGetters (C:\Users\dougl\OneDrive\Desktop\New application\SwiftDrop-SyncV5\SwiftDrop-Sync\backend\node_modules\mongoose\lib\virtualType.js:152:16)
    at applyVirtuals (C:\Users\dougl\OneDrive\Desktop\New application\SwiftDrop-SyncV5\SwiftDrop-Sync\backend\node_modules\mongoose\lib\document.js:4224:26)
    at Document.$toObject (C:\Users\dougl\OneDrive\Desktop\New application\SwiftDrop-SyncV5\SwiftDrop-Sync\backend\node_modules\mongoose\lib\document.js:3951:5)
    at Document.toJSON (C:\Users\dougl\OneDrive\Desktop\New application\SwiftDrop-SyncV5\SwiftDrop-Sync\backend\node_modules\mongoose\lib\document.js:4436:15)
    at clone (C:\Users\dougl\OneDrive\Desktop\New application\SwiftDrop-SyncV5\SwiftDrop-Sync\backend\node_modules\mongoose\lib\helpers\clone.js:87:17)
    at cloneObject (C:\Users\dougl\OneDrive\Desktop\New application\SwiftDrop-SyncV5\SwiftDrop-Sync\backend\node_modules\mongoose\lib\helpers\clone.js:186:17)
    at clone (C:\Users\dougl\OneDrive\Desktop\New application\SwiftDrop-SyncV5\SwiftDrop-Sync\backend\node_modules\mongoose\lib\helpers\clone.js:100:16)
    at Document.$toObject (C:\Users\dougl\OneDrive\Desktop\New application\SwiftDrop-SyncV5\SwiftDrop-Sync\backend\node_modules\mongoose\lib\document.js:3929:11)
    at Document.toJSON (C:\Users\dougl\OneDrive\Desktop\New application\SwiftDrop-SyncV5\SwiftDrop-Sync\backend\node_modules\mongoose\lib\document.js:4436:15)
2026-06-07 07:47:10 [error]: 500 — Cannot read properties of undefined (reading 'filter')
TypeError: Cannot read properties of undefined (reading 'filter')
    at model.<anonymous> (C:\Users\dougl\OneDrive\Desktop\New application\SwiftDrop-SyncV5\SwiftDrop-Sync\backend\src\models\Rider.js:166:6)
    at VirtualType.applyGetters (C:\Users\dougl\OneDrive\Desktop\New application\SwiftDrop-SyncV5\SwiftDrop-Sync\backend\node_modules\mongoose\lib\virtualType.js:152:16)
    at applyVirtuals (C:\Users\dougl\OneDrive\Desktop\New application\SwiftDrop-SyncV5\SwiftDrop-Sync\backend\node_modules\mongoose\lib\document.js:4224:26)
    at Document.$toObject (C:\Users\dougl\OneDrive\Desktop\New application\SwiftDrop-SyncV5\SwiftDrop-Sync\backend\node_modules\mongoose\lib\document.js:3951:5)
    at Document.toJSON (C:\Users\dougl\OneDrive\Desktop\New application\SwiftDrop-SyncV5\SwiftDrop-Sync\backend\node_modules\mongoose\lib\document.js:4436:15)
    at clone (C:\Users\dougl\OneDrive\Desktop\New application\SwiftDrop-SyncV5\SwiftDrop-Sync\backend\node_modules\mongoose\lib\helpers\clone.js:87:17)
    at cloneObject (C:\Users\dougl\OneDrive\Desktop\New application\SwiftDrop-SyncV5\SwiftDrop-Sync\backend\node_modules\mongoose\lib\helpers\clone.js:186:17)
    at clone (C:\Users\dougl\OneDrive\Desktop\New application\SwiftDrop-SyncV5\SwiftDrop-Sync\backend\node_modules\mongoose\lib\helpers\clone.js:100:16)
    at Document.$toObject (C:\Users\dougl\OneDrive\Desktop\New application\SwiftDrop-SyncV5\SwiftDrop-Sync\backend\node_modules\mongoose\lib\document.js:3929:11)
    at Document.toJSON (C:\Users\dougl\OneDrive\Desktop\New application\SwiftDrop-SyncV5\SwiftDrop-Sync\backend\node_modules\mongoose\lib\document.js:4436:15)
2026-06-07 07:47:14 [error]: 500 — Cannot read properties of undefined (reading 'filter')
TypeError: Cannot read properties of undefined (reading 'filter')
    at model.<anonymous> (C:\Users\dougl\OneDrive\Desktop\New application\SwiftDrop-SyncV5\SwiftDrop-Sync\backend\src\models\Rider.js:166:6)
    at VirtualType.applyGetters (C:\Users\dougl\OneDrive\Desktop\New application\SwiftDrop-SyncV5\SwiftDrop-Sync\backend\node_modules\mongoose\lib\virtualType.js:152:16)
    at applyVirtuals (C:\Users\dougl\OneDrive\Desktop\New application\SwiftDrop-SyncV5\SwiftDrop-Sync\backend\node_modules\mongoose\lib\document.js:4224:26)
    at Document.$toObject (C:\Users\dougl\OneDrive\Desktop\New application\SwiftDrop-SyncV5\SwiftDrop-Sync\backend\node_modules\mongoose\lib\document.js:3951:5)
    at Document.toJSON (C:\Users\dougl\OneDrive\Desktop\New application\SwiftDrop-SyncV5\SwiftDrop-Sync\backend\node_modules\mongoose\lib\document.js:4436:15)
    at clone (C:\Users\dougl\OneDrive\Desktop\New application\SwiftDrop-SyncV5\SwiftDrop-Sync\backend\node_modules\mongoose\lib\helpers\clone.js:87:17)
    at cloneObject (C:\Users\dougl\OneDrive\Desktop\New application\SwiftDrop-SyncV5\SwiftDrop-Sync\backend\node_modules\mongoose\lib\helpers\clone.js:186:17)
    at clone (C:\Users\dougl\OneDrive\Desktop\New application\SwiftDrop-SyncV5\SwiftDrop-Sync\backend\node_modules\mongoose\lib\helpers\clone.js:100:16)
    at Document.$toObject (C:\Users\dougl\OneDrive\Desktop\New application\SwiftDrop-SyncV5\SwiftDrop-Sync\backend\node_modules\mongoose\lib\document.js:3929:11)
    at Document.toJSON (C:\Users\dougl\OneDrive\Desktop\New application\SwiftDrop-SyncV5\SwiftDrop-Sync\backend\node_modules\mongoose\lib\document.js:4436:15)
2026-06-07 07:47:18 [error]: 500 — Cannot read properties of undefined (reading 'filter')
TypeError: Cannot read properties of undefined (reading 'filter')
    at model.<anonymous> (C:\Users\dougl\OneDrive\Desktop\New application\SwiftDrop-SyncV5\SwiftDrop-Sync\backend\src\models\Rider.js:166:6)
    at VirtualType.applyGetters (C:\Users\dougl\OneDrive\Desktop\New application\SwiftDrop-SyncV5\SwiftDrop-Sync\backend\node_modules\mongoose\lib\virtualType.js:152:16)
    at applyVirtuals (C:\Users\dougl\OneDrive\Desktop\New application\SwiftDrop-SyncV5\SwiftDrop-Sync\backend\node_modules\mongoose\lib\document.js:4224:26)
    at Document.$toObject (C:\Users\dougl\OneDrive\Desktop\New application\SwiftDrop-SyncV5\SwiftDrop-Sync\backend\node_modules\mongoose\lib\document.js:3951:5)
    at Document.toJSON (C:\Users\dougl\OneDrive\Desktop\New application\SwiftDrop-SyncV5\SwiftDrop-Sync\backend\node_modules\mongoose\lib\document.js:4436:15)
    at clone (C:\Users\dougl\OneDrive\Desktop\New application\SwiftDrop-SyncV5\SwiftDrop-Sync\backend\node_modules\mongoose\lib\helpers\clone.js:87:17)
    at cloneObject (C:\Users\dougl\OneDrive\Desktop\New application\SwiftDrop-SyncV5\SwiftDrop-Sync\backend\node_modules\mongoose\lib\helpers\clone.js:186:17)
    at clone (C:\Users\dougl\OneDrive\Desktop\New application\SwiftDrop-SyncV5\SwiftDrop-Sync\backend\node_modules\mongoose\lib\helpers\clone.js:100:16)
    at Document.$toObject (C:\Users\dougl\OneDrive\Desktop\New application\SwiftDrop-SyncV5\SwiftDrop-Sync\backend\node_modules\mongoose\lib\document.js:3929:11)
    at Document.toJSON (C:\Users\dougl\OneDrive\Desktop\New application\SwiftDrop-SyncV5\SwiftDrop-Sync\backend\node_modules\mongoose\lib\document.js:4436:15)
2026-06-07 07:47:22 [error]: 500 — Cannot read properties of undefined (reading 'filter')
TypeError: Cannot read properties of undefined (reading 'filter')
    at model.<anonymous> (C:\Users\dougl\OneDrive\Desktop\New application\SwiftDrop-SyncV5\SwiftDrop-Sync\backend\src\models\Rider.js:166:6)
    at VirtualType.applyGetters (C:\Users\dougl\OneDrive\Desktop\New application\SwiftDrop-SyncV5\SwiftDrop-Sync\backend\node_modules\mongoose\lib\virtualType.js:152:16)
    at applyVirtuals (C:\Users\dougl\OneDrive\Desktop\New application\SwiftDrop-SyncV5\SwiftDrop-Sync\backend\node_modules\mongoose\lib\document.js:4224:26)
    at Document.$toObject (C:\Users\dougl\OneDrive\Desktop\New application\SwiftDrop-SyncV5\SwiftDrop-Sync\backend\node_modules\mongoose\lib\document.js:3951:5)
    at Document.toJSON (C:\Users\dougl\OneDrive\Desktop\New application\SwiftDrop-SyncV5\SwiftDrop-Sync\backend\node_modules\mongoose\lib\document.js:4436:15)
    at clone (C:\Users\dougl\OneDrive\Desktop\New application\SwiftDrop-SyncV5\SwiftDrop-Sync\backend\node_modules\mongoose\lib\helpers\clone.js:87:17)
    at cloneObject (C:\Users\dougl\OneDrive\Desktop\New application\SwiftDrop-SyncV5\SwiftDrop-Sync\backend\node_modules\mongoose\lib\helpers\clone.js:186:17)
    at clone (C:\Users\dougl\OneDrive\Desktop\New application\SwiftDrop-SyncV5\SwiftDrop-Sync\backend\node_modules\mongoose\lib\helpers\clone.js:100:16)
    at Document.$toObject (C:\Users\dougl\OneDrive\Desktop\New application\SwiftDrop-SyncV5\SwiftDrop-Sync\backend\node_modules\mongoose\lib\document.js:3929:11)
    at Document.toJSON (C:\Users\dougl\OneDrive\Desktop\New application\SwiftDrop-SyncV5\SwiftDrop-Sync\backend\node_modules\mongoose\lib\document.js:4436:15)
2026-06-07 07:47:22 [error]: 500 — Cannot read properties of undefined (reading 'filter')
TypeError: Cannot read properties of undefined (reading 'filter')
    at model.<anonymous> (C:\Users\dougl\OneDrive\Desktop\New application\SwiftDrop-SyncV5\SwiftDrop-Sync\backend\src\models\Rider.js:166:6)
    at VirtualType.applyGetters (C:\Users\dougl\OneDrive\Desktop\New application\SwiftDrop-SyncV5\SwiftDrop-Sync\backend\node_modules\mongoose\lib\virtualType.js:152:16)
    at applyVirtuals (C:\Users\dougl\OneDrive\Desktop\New application\SwiftDrop-SyncV5\SwiftDrop-Sync\backend\node_modules\mongoose\lib\document.js:4224:26)
    at Document.$toObject (C:\Users\dougl\OneDrive\Desktop\New application\SwiftDrop-SyncV5\SwiftDrop-Sync\backend\node_modules\mongoose\lib\document.js:3951:5)
    at Document.toJSON (C:\Users\dougl\OneDrive\Desktop\New application\SwiftDrop-SyncV5\SwiftDrop-Sync\backend\node_modules\mongoose\lib\document.js:4436:15)
    at clone (C:\Users\dougl\OneDrive\Desktop\New application\SwiftDrop-SyncV5\SwiftDrop-Sync\backend\node_modules\mongoose\lib\helpers\clone.js:87:17)
    at cloneObject (C:\Users\dougl\OneDrive\Desktop\New application\SwiftDrop-SyncV5\SwiftDrop-Sync\backend\node_modules\mongoose\lib\helpers\clone.js:186:17)
    at clone (C:\Users\dougl\OneDrive\Desktop\New application\SwiftDrop-SyncV5\SwiftDrop-Sync\backend\node_modules\mongoose\lib\helpers\clone.js:100:16)
    at Document.$toObject (C:\Users\dougl\OneDrive\Desktop\New application\SwiftDrop-SyncV5\SwiftDrop-Sync\backend\node_modules\mongoose\lib\document.js:3929:11)
    at Document.toJSON (C:\Users\dougl\OneDrive\Desktop\New application\SwiftDrop-SyncV5\SwiftDrop-Sync\backend\node_modules\mongoose\lib\document.js:4436:15)
2026-06-07 07:47:26 [error]: 500 — Cannot read properties of undefined (reading 'filter')
TypeError: Cannot read properties of undefined (reading 'filter')
    at model.<anonymous> (C:\Users\dougl\OneDrive\Desktop\New application\SwiftDrop-SyncV5\SwiftDrop-Sync\backend\src\models\Rider.js:166:6)
    at VirtualType.applyGetters (C:\Users\dougl\OneDrive\Desktop\New application\SwiftDrop-SyncV5\SwiftDrop-Sync\backend\node_modules\mongoose\lib\virtualType.js:152:16)
    at applyVirtuals (C:\Users\dougl\OneDrive\Desktop\New application\SwiftDrop-SyncV5\SwiftDrop-Sync\backend\node_modules\mongoose\lib\document.js:4224:26)
    at Document.$toObject (C:\Users\dougl\OneDrive\Desktop\New application\SwiftDrop-SyncV5\SwiftDrop-Sync\backend\node_modules\mongoose\lib\document.js:3951:5)
    at Document.toJSON (C:\Users\dougl\OneDrive\Desktop\New application\SwiftDrop-SyncV5\SwiftDrop-Sync\backend\node_modules\mongoose\lib\document.js:4436:15)
    at clone (C:\Users\dougl\OneDrive\Desktop\New application\SwiftDrop-SyncV5\SwiftDrop-Sync\backend\node_modules\mongoose\lib\helpers\clone.js:87:17)
    at cloneObject (C:\Users\dougl\OneDrive\Desktop\New application\SwiftDrop-SyncV5\SwiftDrop-Sync\backend\node_modules\mongoose\lib\helpers\clone.js:186:17)
    at clone (C:\Users\dougl\OneDrive\Desktop\New application\SwiftDrop-SyncV5\SwiftDrop-Sync\backend\node_modules\mongoose\lib\helpers\clone.js:100:16)
    at Document.$toObject (C:\Users\dougl\OneDrive\Desktop\New application\SwiftDrop-SyncV5\SwiftDrop-Sync\backend\node_modules\mongoose\lib\document.js:3929:11)
    at Document.toJSON (C:\Users\dougl\OneDrive\Desktop\New application\SwiftDrop-SyncV5\SwiftDrop-Sync\backend\node_modules\mongoose\lib\document.js:4436:15)
2026-06-07 07:47:30 [error]: 500 — Cannot read properties of undefined (reading 'filter')
TypeError: Cannot read properties of undefined (reading 'filter')
    at model.<anonymous> (C:\Users\dougl\OneDrive\Desktop\New application\SwiftDrop-SyncV5\SwiftDrop-Sync\backend\src\models\Rider.js:166:6)
    at VirtualType.applyGetters (C:\Users\dougl\OneDrive\Desktop\New application\SwiftDrop-SyncV5\SwiftDrop-Sync\backend\node_modules\mongoose\lib\virtualType.js:152:16)
    at applyVirtuals (C:\Users\dougl\OneDrive\Desktop\New application\SwiftDrop-SyncV5\SwiftDrop-Sync\backend\node_modules\mongoose\lib\document.js:4224:26)
    at Document.$toObject (C:\Users\dougl\OneDrive\Desktop\New application\SwiftDrop-SyncV5\SwiftDrop-Sync\backend\node_modules\mongoose\lib\document.js:3951:5)
    at Document.toJSON (C:\Users\dougl\OneDrive\Desktop\New application\SwiftDrop-SyncV5\SwiftDrop-Sync\backend\node_modules\mongoose\lib\document.js:4436:15)
    at clone (C:\Users\dougl\OneDrive\Desktop\New application\SwiftDrop-SyncV5\SwiftDrop-Sync\backend\node_modules\mongoose\lib\helpers\clone.js:87:17)
    at cloneObject (C:\Users\dougl\OneDrive\Desktop\New application\SwiftDrop-SyncV5\SwiftDrop-Sync\backend\node_modules\mongoose\lib\helpers\clone.js:186:17)
    at clone (C:\Users\dougl\OneDrive\Desktop\New application\SwiftDrop-SyncV5\SwiftDrop-Sync\backend\node_modules\mongoose\lib\helpers\clone.js:100:16)
    at Document.$toObject (C:\Users\dougl\OneDrive\Desktop\New application\SwiftDrop-SyncV5\SwiftDrop-Sync\backend\node_modules\mongoose\lib\document.js:3929:11)
    at Document.toJSON (C:\Users\dougl\OneDrive\Desktop\New application\SwiftDrop-SyncV5\SwiftDrop-Sync\backend\node_modules\mongoose\lib\document.js:4436:15)
2026-06-07 07:47:34 [error]: 500 — Cannot read properties of undefined (reading 'filter')
TypeError: Cannot read properties of undefined (reading 'filter')
    at model.<anonymous> (C:\Users\dougl\OneDrive\Desktop\New application\SwiftDrop-SyncV5\SwiftDrop-Sync\backend\src\models\Rider.js:166:6)
    at VirtualType.applyGetters (C:\Users\dougl\OneDrive\Desktop\New application\SwiftDrop-SyncV5\SwiftDrop-Sync\backend\node_modules\mongoose\lib\virtualType.js:152:16)
    at applyVirtuals (C:\Users\dougl\OneDrive\Desktop\New application\SwiftDrop-SyncV5\SwiftDrop-Sync\backend\node_modules\mongoose\lib\document.js:4224:26)
    at Document.$toObject (C:\Users\dougl\OneDrive\Desktop\New application\SwiftDrop-SyncV5\SwiftDrop-Sync\backend\node_modules\mongoose\lib\document.js:3951:5)
    at Document.toJSON (C:\Users\dougl\OneDrive\Desktop\New application\SwiftDrop-SyncV5\SwiftDrop-Sync\backend\node_modules\mongoose\lib\document.js:4436:15)
    at clone (C:\Users\dougl\OneDrive\Desktop\New application\SwiftDrop-SyncV5\SwiftDrop-Sync\backend\node_modules\mongoose\lib\helpers\clone.js:87:17)
    at cloneObject (C:\Users\dougl\OneDrive\Desktop\New application\SwiftDrop-SyncV5\SwiftDrop-Sync\backend\node_modules\mongoose\lib\helpers\clone.js:186:17)
    at clone (C:\Users\dougl\OneDrive\Desktop\New application\SwiftDrop-SyncV5\SwiftDrop-Sync\backend\node_modules\mongoose\lib\helpers\clone.js:100:16)
    at Document.$toObject (C:\Users\dougl\OneDrive\Desktop\New application\SwiftDrop-SyncV5\SwiftDrop-Sync\backend\node_modules\mongoose\lib\document.js:3929:11)
    at Document.toJSON (C:\Users\dougl\OneDrive\Desktop\New application\SwiftDrop-SyncV5\SwiftDrop-Sync\backend\node_modules\mongoose\lib\document.js:4436:15)
2026-06-07 07:47:37 [error]: 500 — Cannot read properties of undefined (reading 'filter')
TypeError: Cannot read properties of undefined (reading 'filter')
    at model.<anonymous> (C:\Users\dougl\OneDrive\Desktop\New application\SwiftDrop-SyncV5\SwiftDrop-Sync\backend\src\models\Rider.js:166:6)
    at VirtualType.applyGetters (C:\Users\dougl\OneDrive\Desktop\New application\SwiftDrop-SyncV5\SwiftDrop-Sync\backend\node_modules\mongoose\lib\virtualType.js:152:16)
    at applyVirtuals (C:\Users\dougl\OneDrive\Desktop\New application\SwiftDrop-SyncV5\SwiftDrop-Sync\backend\node_modules\mongoose\lib\document.js:4224:26)
    at Document.$toObject (C:\Users\dougl\OneDrive\Desktop\New application\SwiftDrop-SyncV5\SwiftDrop-Sync\backend\node_modules\mongoose\lib\document.js:3951:5)
    at Document.toJSON (C:\Users\dougl\OneDrive\Desktop\New application\SwiftDrop-SyncV5\SwiftDrop-Sync\backend\node_modules\mongoose\lib\document.js:4436:15)
    at clone (C:\Users\dougl\OneDrive\Desktop\New application\SwiftDrop-SyncV5\SwiftDrop-Sync\backend\node_modules\mongoose\lib\helpers\clone.js:87:17)
    at cloneObject (C:\Users\dougl\OneDrive\Desktop\New application\SwiftDrop-SyncV5\SwiftDrop-Sync\backend\node_modules\mongoose\lib\helpers\clone.js:186:17)
    at clone (C:\Users\dougl\OneDrive\Desktop\New application\SwiftDrop-SyncV5\SwiftDrop-Sync\backend\node_modules\mongoose\lib\helpers\clone.js:100:16)
    at Document.$toObject (C:\Users\dougl\OneDrive\Desktop\New application\SwiftDrop-SyncV5\SwiftDrop-Sync\backend\node_modules\mongoose\lib\document.js:3929:11)
    at Document.toJSON (C:\Users\dougl\OneDrive\Desktop\New application\SwiftDrop-SyncV5\SwiftDrop-Sync\backend\node_modules\mongoose\lib\document.js:4436:15)
2026-06-07 07:48:30 [error]: 500 — Cannot read properties of undefined (reading 'filter')
TypeError: Cannot read properties of undefined (reading 'filter')
    at model.<anonymous> (C:\Users\dougl\OneDrive\Desktop\New application\SwiftDrop-SyncV5\SwiftDrop-Sync\backend\src\models\Rider.js:166:6)
    at VirtualType.applyGetters (C:\Users\dougl\OneDrive\Desktop\New application\SwiftDrop-SyncV5\SwiftDrop-Sync\backend\node_modules\mongoose\lib\virtualType.js:152:16)
    at applyVirtuals (C:\Users\dougl\OneDrive\Desktop\New application\SwiftDrop-SyncV5\SwiftDrop-Sync\backend\node_modules\mongoose\lib\document.js:4224:26)
    at Document.$toObject (C:\Users\dougl\OneDrive\Desktop\New application\SwiftDrop-SyncV5\SwiftDrop-Sync\backend\node_modules\mongoose\lib\document.js:3951:5)
    at Document.toJSON (C:\Users\dougl\OneDrive\Desktop\New application\SwiftDrop-SyncV5\SwiftDrop-Sync\backend\node_modules\mongoose\lib\document.js:4436:15)
    at clone (C:\Users\dougl\OneDrive\Desktop\New application\SwiftDrop-SyncV5\SwiftDrop-Sync\backend\node_modules\mongoose\lib\helpers\clone.js:87:17)
    at cloneObject (C:\Users\dougl\OneDrive\Desktop\New application\SwiftDrop-SyncV5\SwiftDrop-Sync\backend\node_modules\mongoose\lib\helpers\clone.js:186:17)
    at clone (C:\Users\dougl\OneDrive\Desktop\New application\SwiftDrop-SyncV5\SwiftDrop-Sync\backend\node_modules\mongoose\lib\helpers\clone.js:100:16)
    at Document.$toObject (C:\Users\dougl\OneDrive\Desktop\New application\SwiftDrop-SyncV5\SwiftDrop-Sync\backend\node_modules\mongoose\lib\document.js:3929:11)
    at Document.toJSON (C:\Users\dougl\OneDrive\Desktop\New application\SwiftDrop-SyncV5\SwiftDrop-Sync\backend\node_modules\mongoose\lib\document.js:4436:15)
2026-06-07 08:06:16 [warn]: AWS credentials not set — document uploads will be saved locally in dev mode
2026-06-07 08:06:17 [info]: MongoDB connected → localhost (swiftdrop)
2026-06-07 08:06:17 [info]: SwiftDrop Auth API running on port 5000 [development]
2026-06-07 08:06:17 [info]: Health: http://localhost:5000/api/v1/health
2026-06-07 08:07:28 [warn]: AWS credentials not set — document uploads will be saved locally in dev mode
2026-06-07 08:07:28 [info]: MongoDB connected → localhost (swiftdrop)
2026-06-07 08:07:28 [info]: SwiftDrop Auth API running on port 5000 [development]
2026-06-07 08:07:28 [info]: Health: http://localhost:5000/api/v1/health
2026-06-07 08:10:52 [info]: Delivery 6a213d685533704042439789 → rider_arrived (rider=6a213c6755337040424395f2)
2026-06-07 09:04:01 [warn]: AWS credentials not set — document uploads will be saved locally in dev mode
2026-06-07 09:04:01 [info]: MongoDB connected → localhost (swiftdrop)
2026-06-07 09:04:01 [info]: SwiftDrop Auth API running on port 5000 [development]
2026-06-07 09:04:01 [info]: Health: http://localhost:5000/api/v1/health
2026-06-07 09:06:58 [info]: Pickup confirmed: delivery=6a213d685533704042439789 rider=6a213c6755337040424395f2
2026-06-07 09:07:09 [info]: Delivery 6a213d685533704042439789 → in_transit (rider=6a213c6755337040424395f2)
2026-06-07 09:07:13 [info]: Delivery 6a213d685533704042439789 → delivered (rider=6a213c6755337040424395f2)
2026-06-07 09:08:23 [info]: Delivery created: 6a2526f76f2a8d718ebc175b by user 6a1c0f1d8ed2d3692aae82b0 → finding_rider
2026-06-07 09:08:23 [info]: Rider auto-assigned: 6a213c6755337040424395f2 → delivery 6a2526f76f2a8d718ebc175b
2026-06-07 09:09:01 [info]: Delivery 6a2526f76f2a8d718ebc175b → rider_arrived (rider=6a213c6755337040424395f2)
2026-06-07 09:09:20 [info]: Pickup confirmed: delivery=6a2526f76f2a8d718ebc175b rider=6a213c6755337040424395f2
2026-06-07 09:09:25 [info]: Delivery 6a2526f76f2a8d718ebc175b → in_transit (rider=6a213c6755337040424395f2)
2026-06-07 09:09:45 [info]: Delivery 6a2526f76f2a8d718ebc175b → delivered (rider=6a213c6755337040424395f2)
2026-06-07 09:10:53 [info]: Admin login: admin@swiftdrop.ng [super_admin]
2026-06-07 09:25:05 [warn]: AWS credentials not set — document uploads will be saved locally in dev mode
2026-06-07 09:25:05 [info]: MongoDB connected → localhost (swiftdrop)
2026-06-07 09:25:05 [info]: SwiftDrop Auth API running on port 5000 [development]
2026-06-07 09:25:05 [info]: Health: http://localhost:5000/api/v1/health
2026-06-16 22:41:52 [warn]: AWS credentials not set — document uploads will be saved locally in dev mode
2026-06-16 22:41:52 [info]: MongoDB connected → localhost (swiftdrop)
2026-06-16 22:42:25 [warn]: AWS credentials not set — document uploads will be saved locally in dev mode
2026-06-16 22:42:25 [info]: MongoDB connected → localhost (swiftdrop)
2026-06-16 22:46:37 [warn]: AWS credentials not set — document uploads will be saved locally in dev mode
2026-06-16 22:46:37 [info]: MongoDB connected → localhost (swiftdrop)
2026-06-16 22:46:37 [info]: SwiftDrop Auth API running on port 5000 [development]
2026-06-16 22:46:37 [info]: Health: http://localhost:5000/api/v1/health
2026-06-16 22:52:30 [info]: Rider 6a213c6755337040424395f2 updated bank details (Moniepoint)
2026-06-16 22:53:10 [info]: Rider 6a213c6755337040424395f2 updated bank details (Moniepoint)
2026-06-16 22:55:54 [info]: Rider 6a213c6755337040424395f2 updated bank details (Moniepoint)
2026-06-16 22:57:17 [info]: Admin login: admin@swiftdrop.ng [super_admin]
2026-06-16 23:07:08 [info]: SIGINT received — shutting down...
