2026-06-07 07:40:09 [error]: Uncaught exception: listen EADDRINUSE: address already in use 0.0.0.0:5000
2026-06-07 07:45:14 [error]: 500 — Cannot read properties of undefined (reading 'filter')
TypeError: Cannot read properties of undefined (reading 'filter')
    at model.<anonymous> (C:\Users\dougl\OneDrive\Desktop\New application\SwiftDrop-SyncV5\SwiftDrop-Sync\backend\src\models\Rider.js:166:6)
    at VirtualType.applyGetters (C:\Users\dougl\OneDrive\Desktop\New application\SwiftDrop-SyncV5\SwiftDrop-Sync\backend\node_modules\mongoose\lib\virtualType.js:152:16)
    at applyVirtuals (C:\Users\dougl\OneDrive\Desktop\New application\SwiftDrop-SyncV5\SwiftDrop-Sync\backend\node_modules\mongoose\lib\document.js:4224:26)
    at Document.$toObject (C:\Users\dougl\OneDrive\Desktop\New application\SwiftDrop-SyncV5\SwiftDrop-Sync\backend\node_modules\mongoose\lib\document.js:3951:5)
    at Document.toJSON (C:\Users\dougl\OneDrive\Desktop\New application\SwiftDrop-SyncV5\SwiftDrop-Sync\backend\node_modules\mongoose\lib\document.js:4436:15)
    at clone (C:\Users\dougl\OneDrive\Desktop\New application\SwiftDrop-SyncV5\SwiftDrop-Sync\backend\node_modules\mongoose\lib\helpers\clone.js:87:17)
    at cloneObject (C:\Users\dougl\OneDrive\Desktop\New application\SwiftDrop-SyncV5\SwiftDrop-Sync\backend\node_modules\mongoose\lib\helpers\clone.js:186:17)
    at clone (C:\Users\dougl\OneDrive\Desktop\New application\SwiftDrop-SyncV5\SwiftDrop-Sync\backend\node_modules\mongoose\lib\helpers\clone.js:100:16)
    at Document.$toObject (C:\Users\dougl\OneDrive\Desktop\New application\SwiftDrop-SyncV5\SwiftDrop-Sync\backend\node_modules\mongoose\lib\document.js:3929:11)
    at Document.toJSON (C:\Users\dougl\OneDrive\Desktop\New application\SwiftDrop-SyncV5\SwiftDrop-Sync\backend\node_modules\mongoose\lib\document.js:4436:15)
2026-06-07 07:45:26 [error]: 500 — Cannot read properties of undefined (reading 'filter')
TypeError: Cannot read properties of undefined (reading 'filter')
    at model.<anonymous> (C:\Users\dougl\OneDrive\Desktop\New application\SwiftDrop-SyncV5\SwiftDrop-Sync\backend\src\models\Rider.js:166:6)
    at VirtualType.applyGetters (C:\Users\dougl\OneDrive\Desktop\New application\SwiftDrop-SyncV5\SwiftDrop-Sync\backend\node_modules\mongoose\lib\virtualType.js:152:16)
    at applyVirtuals (C:\Users\dougl\OneDrive\Desktop\New application\SwiftDrop-SyncV5\SwiftDrop-Sync\backend\node_modules\mongoose\lib\document.js:4224:26)
    at Document.$toObject (C:\Users\dougl\OneDrive\Desktop\New application\SwiftDrop-SyncV5\SwiftDrop-Sync\backend\node_modules\mongoose\lib\document.js:3951:5)
    at Document.toJSON (C:\Users\dougl\OneDrive\Desktop\New application\SwiftDrop-SyncV5\SwiftDrop-Sync\backend\node_modules\mongoose\lib\document.js:4436:15)
    at clone (C:\Users\dougl\OneDrive\Desktop\New application\SwiftDrop-SyncV5\SwiftDrop-Sync\backend\node_modules\mongoose\lib\helpers\clone.js:87:17)
    at cloneObject (C:\Users\dougl\OneDrive\Desktop\New application\SwiftDrop-SyncV5\SwiftDrop-Sync\backend\node_modules\mongoose\lib\helpers\clone.js:186:17)
    at clone (C:\Users\dougl\OneDrive\Desktop\New application\SwiftDrop-SyncV5\SwiftDrop-Sync\backend\node_modules\mongoose\lib\helpers\clone.js:100:16)
    at Document.$toObject (C:\Users\dougl\OneDrive\Desktop\New application\SwiftDrop-SyncV5\SwiftDrop-Sync\backend\node_modules\mongoose\lib\document.js:3929:11)
    at Document.toJSON (C:\Users\dougl\OneDrive\Desktop\New application\SwiftDrop-SyncV5\SwiftDrop-Sync\backend\node_modules\mongoose\lib\document.js:4436:15)
2026-06-07 07:46:34 [error]: 500 — Cannot read properties of undefined (reading 'filter')
TypeError: Cannot read properties of undefined (reading 'filter')
    at model.<anonymous> (C:\Users\dougl\OneDrive\Desktop\New application\SwiftDrop-SyncV5\SwiftDrop-Sync\backend\src\models\Rider.js:166:6)
    at VirtualType.applyGetters (C:\Users\dougl\OneDrive\Desktop\New application\SwiftDrop-SyncV5\SwiftDrop-Sync\backend\node_modules\mongoose\lib\virtualType.js:152:16)
    at applyVirtuals (C:\Users\dougl\OneDrive\Desktop\New application\SwiftDrop-SyncV5\SwiftDrop-Sync\backend\node_modules\mongoose\lib\document.js:4224:26)
    at Document.$toObject (C:\Users\dougl\OneDrive\Desktop\New application\SwiftDrop-SyncV5\SwiftDrop-Sync\backend\node_modules\mongoose\lib\document.js:3951:5)
    at Document.toJSON (C:\Users\dougl\OneDrive\Desktop\New application\SwiftDrop-SyncV5\SwiftDrop-Sync\backend\node_modules\mongoose\lib\document.js:4436:15)
    at clone (C:\Users\dougl\OneDrive\Desktop\New application\SwiftDrop-SyncV5\SwiftDrop-Sync\backend\node_modules\mongoose\lib\helpers\clone.js:87:17)
    at cloneObject (C:\Users\dougl\OneDrive\Desktop\New application\SwiftDrop-SyncV5\SwiftDrop-Sync\backend\node_modules\mongoose\lib\helpers\clone.js:186:17)
    at clone (C:\Users\dougl\OneDrive\Desktop\New application\SwiftDrop-SyncV5\SwiftDrop-Sync\backend\node_modules\mongoose\lib\helpers\clone.js:100:16)
    at Document.$toObject (C:\Users\dougl\OneDrive\Desktop\New application\SwiftDrop-SyncV5\SwiftDrop-Sync\backend\node_modules\mongoose\lib\document.js:3929:11)
    at Document.toJSON (C:\Users\dougl\OneDrive\Desktop\New application\SwiftDrop-SyncV5\SwiftDrop-Sync\backend\node_modules\mongoose\lib\document.js:4436:15)
2026-06-07 07:46:38 [error]: 500 — Cannot read properties of undefined (reading 'filter')
TypeError: Cannot read properties of undefined (reading 'filter')
    at model.<anonymous> (C:\Users\dougl\OneDrive\Desktop\New application\SwiftDrop-SyncV5\SwiftDrop-Sync\backend\src\models\Rider.js:166:6)
    at VirtualType.applyGetters (C:\Users\dougl\OneDrive\Desktop\New application\SwiftDrop-SyncV5\SwiftDrop-Sync\backend\node_modules\mongoose\lib\virtualType.js:152:16)
    at applyVirtuals (C:\Users\dougl\OneDrive\Desktop\New application\SwiftDrop-SyncV5\SwiftDrop-Sync\backend\node_modules\mongoose\lib\document.js:4224:26)
    at Document.$toObject (C:\Users\dougl\OneDrive\Desktop\New application\SwiftDrop-SyncV5\SwiftDrop-Sync\backend\node_modules\mongoose\lib\document.js:3951:5)
    at Document.toJSON (C:\Users\dougl\OneDrive\Desktop\New application\SwiftDrop-SyncV5\SwiftDrop-Sync\backend\node_modules\mongoose\lib\document.js:4436:15)
    at clone (C:\Users\dougl\OneDrive\Desktop\New application\SwiftDrop-SyncV5\SwiftDrop-Sync\backend\node_modules\mongoose\lib\helpers\clone.js:87:17)
    at cloneObject (C:\Users\dougl\OneDrive\Desktop\New application\SwiftDrop-SyncV5\SwiftDrop-Sync\backend\node_modules\mongoose\lib\helpers\clone.js:186:17)
    at clone (C:\Users\dougl\OneDrive\Desktop\New application\SwiftDrop-SyncV5\SwiftDrop-Sync\backend\node_modules\mongoose\lib\helpers\clone.js:100:16)
    at Document.$toObject (C:\Users\dougl\OneDrive\Desktop\New application\SwiftDrop-SyncV5\SwiftDrop-Sync\backend\node_modules\mongoose\lib\document.js:3929:11)
    at Document.toJSON (C:\Users\dougl\OneDrive\Desktop\New application\SwiftDrop-SyncV5\SwiftDrop-Sync\backend\node_modules\mongoose\lib\document.js:4436:15)
2026-06-07 07:46:42 [error]: 500 — Cannot read properties of undefined (reading 'filter')
TypeError: Cannot read properties of undefined (reading 'filter')
    at model.<anonymous> (C:\Users\dougl\OneDrive\Desktop\New application\SwiftDrop-SyncV5\SwiftDrop-Sync\backend\src\models\Rider.js:166:6)
    at VirtualType.applyGetters (C:\Users\dougl\OneDrive\Desktop\New application\SwiftDrop-SyncV5\SwiftDrop-Sync\backend\node_modules\mongoose\lib\virtualType.js:152:16)
    at applyVirtuals (C:\Users\dougl\OneDrive\Desktop\New application\SwiftDrop-SyncV5\SwiftDrop-Sync\backend\node_modules\mongoose\lib\document.js:4224:26)
    at Document.$toObject (C:\Users\dougl\OneDrive\Desktop\New application\SwiftDrop-SyncV5\SwiftDrop-Sync\backend\node_modules\mongoose\lib\document.js:3951:5)
    at Document.toJSON (C:\Users\dougl\OneDrive\Desktop\New application\SwiftDrop-SyncV5\SwiftDrop-Sync\backend\node_modules\mongoose\lib\document.js:4436:15)
    at clone (C:\Users\dougl\OneDrive\Desktop\New application\SwiftDrop-SyncV5\SwiftDrop-Sync\backend\node_modules\mongoose\lib\helpers\clone.js:87:17)
    at cloneObject (C:\Users\dougl\OneDrive\Desktop\New application\SwiftDrop-SyncV5\SwiftDrop-Sync\backend\node_modules\mongoose\lib\helpers\clone.js:186:17)
    at clone (C:\Users\dougl\OneDrive\Desktop\New application\SwiftDrop-SyncV5\SwiftDrop-Sync\backend\node_modules\mongoose\lib\helpers\clone.js:100:16)
    at Document.$toObject (C:\Users\dougl\OneDrive\Desktop\New application\SwiftDrop-SyncV5\SwiftDrop-Sync\backend\node_modules\mongoose\lib\document.js:3929:11)
    at Document.toJSON (C:\Users\dougl\OneDrive\Desktop\New application\SwiftDrop-SyncV5\SwiftDrop-Sync\backend\node_modules\mongoose\lib\document.js:4436:15)
2026-06-07 07:46:46 [error]: 500 — Cannot read properties of undefined (reading 'filter')
TypeError: Cannot read properties of undefined (reading 'filter')
    at model.<anonymous> (C:\Users\dougl\OneDrive\Desktop\New application\SwiftDrop-SyncV5\SwiftDrop-Sync\backend\src\models\Rider.js:166:6)
    at VirtualType.applyGetters (C:\Users\dougl\OneDrive\Desktop\New application\SwiftDrop-SyncV5\SwiftDrop-Sync\backend\node_modules\mongoose\lib\virtualType.js:152:16)
    at applyVirtuals (C:\Users\dougl\OneDrive\Desktop\New application\SwiftDrop-SyncV5\SwiftDrop-Sync\backend\node_modules\mongoose\lib\document.js:4224:26)
    at Document.$toObject (C:\Users\dougl\OneDrive\Desktop\New application\SwiftDrop-SyncV5\SwiftDrop-Sync\backend\node_modules\mongoose\lib\document.js:3951:5)
    at Document.toJSON (C:\Users\dougl\OneDrive\Desktop\New application\SwiftDrop-SyncV5\SwiftDrop-Sync\backend\node_modules\mongoose\lib\document.js:4436:15)
    at clone (C:\Users\dougl\OneDrive\Desktop\New application\SwiftDrop-SyncV5\SwiftDrop-Sync\backend\node_modules\mongoose\lib\helpers\clone.js:87:17)
    at cloneObject (C:\Users\dougl\OneDrive\Desktop\New application\SwiftDrop-SyncV5\SwiftDrop-Sync\backend\node_modules\mongoose\lib\helpers\clone.js:186:17)
    at clone (C:\Users\dougl\OneDrive\Desktop\New application\SwiftDrop-SyncV5\SwiftDrop-Sync\backend\node_modules\mongoose\lib\helpers\clone.js:100:16)
    at Document.$toObject (C:\Users\dougl\OneDrive\Desktop\New application\SwiftDrop-SyncV5\SwiftDrop-Sync\backend\node_modules\mongoose\lib\document.js:3929:11)
    at Document.toJSON (C:\Users\dougl\OneDrive\Desktop\New application\SwiftDrop-SyncV5\SwiftDrop-Sync\backend\node_modules\mongoose\lib\document.js:4436:15)
2026-06-07 07:46:50 [error]: 500 — Cannot read properties of undefined (reading 'filter')
TypeError: Cannot read properties of undefined (reading 'filter')
    at model.<anonymous> (C:\Users\dougl\OneDrive\Desktop\New application\SwiftDrop-SyncV5\SwiftDrop-Sync\backend\src\models\Rider.js:166:6)
    at VirtualType.applyGetters (C:\Users\dougl\OneDrive\Desktop\New application\SwiftDrop-SyncV5\SwiftDrop-Sync\backend\node_modules\mongoose\lib\virtualType.js:152:16)
    at applyVirtuals (C:\Users\dougl\OneDrive\Desktop\New application\SwiftDrop-SyncV5\SwiftDrop-Sync\backend\node_modules\mongoose\lib\document.js:4224:26)
    at Document.$toObject (C:\Users\dougl\OneDrive\Desktop\New application\SwiftDrop-SyncV5\SwiftDrop-Sync\backend\node_modules\mongoose\lib\document.js:3951:5)
    at Document.toJSON (C:\Users\dougl\OneDrive\Desktop\New application\SwiftDrop-SyncV5\SwiftDrop-Sync\backend\node_modules\mongoose\lib\document.js:4436:15)
    at clone (C:\Users\dougl\OneDrive\Desktop\New application\SwiftDrop-SyncV5\SwiftDrop-Sync\backend\node_modules\mongoose\lib\helpers\clone.js:87:17)
    at cloneObject (C:\Users\dougl\OneDrive\Desktop\New application\SwiftDrop-SyncV5\SwiftDrop-Sync\backend\node_modules\mongoose\lib\helpers\clone.js:186:17)
    at clone (C:\Users\dougl\OneDrive\Desktop\New application\SwiftDrop-SyncV5\SwiftDrop-Sync\backend\node_modules\mongoose\lib\helpers\clone.js:100:16)
    at Document.$toObject (C:\Users\dougl\OneDrive\Desktop\New application\SwiftDrop-SyncV5\SwiftDrop-Sync\backend\node_modules\mongoose\lib\document.js:3929:11)
    at Document.toJSON (C:\Users\dougl\OneDrive\Desktop\New application\SwiftDrop-SyncV5\SwiftDrop-Sync\backend\node_modules\mongoose\lib\document.js:4436:15)
2026-06-07 07:46:54 [error]: 500 — Cannot read properties of undefined (reading 'filter')
TypeError: Cannot read properties of undefined (reading 'filter')
    at model.<anonymous> (C:\Users\dougl\OneDrive\Desktop\New application\SwiftDrop-SyncV5\SwiftDrop-Sync\backend\src\models\Rider.js:166:6)
    at VirtualType.applyGetters (C:\Users\dougl\OneDrive\Desktop\New application\SwiftDrop-SyncV5\SwiftDrop-Sync\backend\node_modules\mongoose\lib\virtualType.js:152:16)
    at applyVirtuals (C:\Users\dougl\OneDrive\Desktop\New application\SwiftDrop-SyncV5\SwiftDrop-Sync\backend\node_modules\mongoose\lib\document.js:4224:26)
    at Document.$toObject (C:\Users\dougl\OneDrive\Desktop\New application\SwiftDrop-SyncV5\SwiftDrop-Sync\backend\node_modules\mongoose\lib\document.js:3951:5)
    at Document.toJSON (C:\Users\dougl\OneDrive\Desktop\New application\SwiftDrop-SyncV5\SwiftDrop-Sync\backend\node_modules\mongoose\lib\document.js:4436:15)
    at clone (C:\Users\dougl\OneDrive\Desktop\New application\SwiftDrop-SyncV5\SwiftDrop-Sync\backend\node_modules\mongoose\lib\helpers\clone.js:87:17)
    at cloneObject (C:\Users\dougl\OneDrive\Desktop\New application\SwiftDrop-SyncV5\SwiftDrop-Sync\backend\node_modules\mongoose\lib\helpers\clone.js:186:17)
    at clone (C:\Users\dougl\OneDrive\Desktop\New application\SwiftDrop-SyncV5\SwiftDrop-Sync\backend\node_modules\mongoose\lib\helpers\clone.js:100:16)
    at Document.$toObject (C:\Users\dougl\OneDrive\Desktop\New application\SwiftDrop-SyncV5\SwiftDrop-Sync\backend\node_modules\mongoose\lib\document.js:3929:11)
    at Document.toJSON (C:\Users\dougl\OneDrive\Desktop\New application\SwiftDrop-SyncV5\SwiftDrop-Sync\backend\node_modules\mongoose\lib\document.js:4436:15)
2026-06-07 07:46:58 [error]: 500 — Cannot read properties of undefined (reading 'filter')
TypeError: Cannot read properties of undefined (reading 'filter')
    at model.<anonymous> (C:\Users\dougl\OneDrive\Desktop\New application\SwiftDrop-SyncV5\SwiftDrop-Sync\backend\src\models\Rider.js:166:6)
    at VirtualType.applyGetters (C:\Users\dougl\OneDrive\Desktop\New application\SwiftDrop-SyncV5\SwiftDrop-Sync\backend\node_modules\mongoose\lib\virtualType.js:152:16)
    at applyVirtuals (C:\Users\dougl\OneDrive\Desktop\New application\SwiftDrop-SyncV5\SwiftDrop-Sync\backend\node_modules\mongoose\lib\document.js:4224:26)
    at Document.$toObject (C:\Users\dougl\OneDrive\Desktop\New application\SwiftDrop-SyncV5\SwiftDrop-Sync\backend\node_modules\mongoose\lib\document.js:3951:5)
    at Document.toJSON (C:\Users\dougl\OneDrive\Desktop\New application\SwiftDrop-SyncV5\SwiftDrop-Sync\backend\node_modules\mongoose\lib\document.js:4436:15)
    at clone (C:\Users\dougl\OneDrive\Desktop\New application\SwiftDrop-SyncV5\SwiftDrop-Sync\backend\node_modules\mongoose\lib\helpers\clone.js:87:17)
    at cloneObject (C:\Users\dougl\OneDrive\Desktop\New application\SwiftDrop-SyncV5\SwiftDrop-Sync\backend\node_modules\mongoose\lib\helpers\clone.js:186:17)
    at clone (C:\Users\dougl\OneDrive\Desktop\New application\SwiftDrop-SyncV5\SwiftDrop-Sync\backend\node_modules\mongoose\lib\helpers\clone.js:100:16)
    at Document.$toObject (C:\Users\dougl\OneDrive\Desktop\New application\SwiftDrop-SyncV5\SwiftDrop-Sync\backend\node_modules\mongoose\lib\document.js:3929:11)
    at Document.toJSON (C:\Users\dougl\OneDrive\Desktop\New application\SwiftDrop-SyncV5\SwiftDrop-Sync\backend\node_modules\mongoose\lib\document.js:4436:15)
2026-06-07 07:47:02 [error]: 500 — Cannot read properties of undefined (reading 'filter')
TypeError: Cannot read properties of undefined (reading 'filter')
    at model.<anonymous> (C:\Users\dougl\OneDrive\Desktop\New application\SwiftDrop-SyncV5\SwiftDrop-Sync\backend\src\models\Rider.js:166:6)
    at VirtualType.applyGetters (C:\Users\dougl\OneDrive\Desktop\New application\SwiftDrop-SyncV5\SwiftDrop-Sync\backend\node_modules\mongoose\lib\virtualType.js:152:16)
    at applyVirtuals (C:\Users\dougl\OneDrive\Desktop\New application\SwiftDrop-SyncV5\SwiftDrop-Sync\backend\node_modules\mongoose\lib\document.js:4224:26)
    at Document.$toObject (C:\Users\dougl\OneDrive\Desktop\New application\SwiftDrop-SyncV5\SwiftDrop-Sync\backend\node_modules\mongoose\lib\document.js:3951:5)
    at Document.toJSON (C:\Users\dougl\OneDrive\Desktop\New application\SwiftDrop-SyncV5\SwiftDrop-Sync\backend\node_modules\mongoose\lib\document.js:4436:15)
    at clone (C:\Users\dougl\OneDrive\Desktop\New application\SwiftDrop-SyncV5\SwiftDrop-Sync\backend\node_modules\mongoose\lib\helpers\clone.js:87:17)
    at cloneObject (C:\Users\dougl\OneDrive\Desktop\New application\SwiftDrop-SyncV5\SwiftDrop-Sync\backend\node_modules\mongoose\lib\helpers\clone.js:186:17)
    at clone (C:\Users\dougl\OneDrive\Desktop\New application\SwiftDrop-SyncV5\SwiftDrop-Sync\backend\node_modules\mongoose\lib\helpers\clone.js:100:16)
    at Document.$toObject (C:\Users\dougl\OneDrive\Desktop\New application\SwiftDrop-SyncV5\SwiftDrop-Sync\backend\node_modules\mongoose\lib\document.js:3929:11)
    at Document.toJSON (C:\Users\dougl\OneDrive\Desktop\New application\SwiftDrop-SyncV5\SwiftDrop-Sync\backend\node_modules\mongoose\lib\document.js:4436:15)
2026-06-07 07:47:06 [error]: 500 — Cannot read properties of undefined (reading 'filter')
TypeError: Cannot read properties of undefined (reading 'filter')
    at model.<anonymous> (C:\Users\dougl\OneDrive\Desktop\New application\SwiftDrop-SyncV5\SwiftDrop-Sync\backend\src\models\Rider.js:166:6)
    at VirtualType.applyGetters (C:\Users\dougl\OneDrive\Desktop\New application\SwiftDrop-SyncV5\SwiftDrop-Sync\backend\node_modules\mongoose\lib\virtualType.js:152:16)
    at applyVirtuals (C:\Users\dougl\OneDrive\Desktop\New application\SwiftDrop-SyncV5\SwiftDrop-Sync\backend\node_modules\mongoose\lib\document.js:4224:26)
    at Document.$toObject (C:\Users\dougl\OneDrive\Desktop\New application\SwiftDrop-SyncV5\SwiftDrop-Sync\backend\node_modules\mongoose\lib\document.js:3951:5)
    at Document.toJSON (C:\Users\dougl\OneDrive\Desktop\New application\SwiftDrop-SyncV5\SwiftDrop-Sync\backend\node_modules\mongoose\lib\document.js:4436:15)
    at clone (C:\Users\dougl\OneDrive\Desktop\New application\SwiftDrop-SyncV5\SwiftDrop-Sync\backend\node_modules\mongoose\lib\helpers\clone.js:87:17)
    at cloneObject (C:\Users\dougl\OneDrive\Desktop\New application\SwiftDrop-SyncV5\SwiftDrop-Sync\backend\node_modules\mongoose\lib\helpers\clone.js:186:17)
    at clone (C:\Users\dougl\OneDrive\Desktop\New application\SwiftDrop-SyncV5\SwiftDrop-Sync\backend\node_modules\mongoose\lib\helpers\clone.js:100:16)
    at Document.$toObject (C:\Users\dougl\OneDrive\Desktop\New application\SwiftDrop-SyncV5\SwiftDrop-Sync\backend\node_modules\mongoose\lib\document.js:3929:11)
    at Document.toJSON (C:\Users\dougl\OneDrive\Desktop\New application\SwiftDrop-SyncV5\SwiftDrop-Sync\backend\node_modules\mongoose\lib\document.js:4436:15)
2026-06-07 07:47:10 [error]: 500 — Cannot read properties of undefined (reading 'filter')
TypeError: Cannot read properties of undefined (reading 'filter')
    at model.<anonymous> (C:\Users\dougl\OneDrive\Desktop\New application\SwiftDrop-SyncV5\SwiftDrop-Sync\backend\src\models\Rider.js:166:6)
    at VirtualType.applyGetters (C:\Users\dougl\OneDrive\Desktop\New application\SwiftDrop-SyncV5\SwiftDrop-Sync\backend\node_modules\mongoose\lib\virtualType.js:152:16)
    at applyVirtuals (C:\Users\dougl\OneDrive\Desktop\New application\SwiftDrop-SyncV5\SwiftDrop-Sync\backend\node_modules\mongoose\lib\document.js:4224:26)
    at Document.$toObject (C:\Users\dougl\OneDrive\Desktop\New application\SwiftDrop-SyncV5\SwiftDrop-Sync\backend\node_modules\mongoose\lib\document.js:3951:5)
    at Document.toJSON (C:\Users\dougl\OneDrive\Desktop\New application\SwiftDrop-SyncV5\SwiftDrop-Sync\backend\node_modules\mongoose\lib\document.js:4436:15)
    at clone (C:\Users\dougl\OneDrive\Desktop\New application\SwiftDrop-SyncV5\SwiftDrop-Sync\backend\node_modules\mongoose\lib\helpers\clone.js:87:17)
    at cloneObject (C:\Users\dougl\OneDrive\Desktop\New application\SwiftDrop-SyncV5\SwiftDrop-Sync\backend\node_modules\mongoose\lib\helpers\clone.js:186:17)
    at clone (C:\Users\dougl\OneDrive\Desktop\New application\SwiftDrop-SyncV5\SwiftDrop-Sync\backend\node_modules\mongoose\lib\helpers\clone.js:100:16)
    at Document.$toObject (C:\Users\dougl\OneDrive\Desktop\New application\SwiftDrop-SyncV5\SwiftDrop-Sync\backend\node_modules\mongoose\lib\document.js:3929:11)
    at Document.toJSON (C:\Users\dougl\OneDrive\Desktop\New application\SwiftDrop-SyncV5\SwiftDrop-Sync\backend\node_modules\mongoose\lib\document.js:4436:15)
2026-06-07 07:47:14 [error]: 500 — Cannot read properties of undefined (reading 'filter')
TypeError: Cannot read properties of undefined (reading 'filter')
    at model.<anonymous> (C:\Users\dougl\OneDrive\Desktop\New application\SwiftDrop-SyncV5\SwiftDrop-Sync\backend\src\models\Rider.js:166:6)
    at VirtualType.applyGetters (C:\Users\dougl\OneDrive\Desktop\New application\SwiftDrop-SyncV5\SwiftDrop-Sync\backend\node_modules\mongoose\lib\virtualType.js:152:16)
    at applyVirtuals (C:\Users\dougl\OneDrive\Desktop\New application\SwiftDrop-SyncV5\SwiftDrop-Sync\backend\node_modules\mongoose\lib\document.js:4224:26)
    at Document.$toObject (C:\Users\dougl\OneDrive\Desktop\New application\SwiftDrop-SyncV5\SwiftDrop-Sync\backend\node_modules\mongoose\lib\document.js:3951:5)
    at Document.toJSON (C:\Users\dougl\OneDrive\Desktop\New application\SwiftDrop-SyncV5\SwiftDrop-Sync\backend\node_modules\mongoose\lib\document.js:4436:15)
    at clone (C:\Users\dougl\OneDrive\Desktop\New application\SwiftDrop-SyncV5\SwiftDrop-Sync\backend\node_modules\mongoose\lib\helpers\clone.js:87:17)
    at cloneObject (C:\Users\dougl\OneDrive\Desktop\New application\SwiftDrop-SyncV5\SwiftDrop-Sync\backend\node_modules\mongoose\lib\helpers\clone.js:186:17)
    at clone (C:\Users\dougl\OneDrive\Desktop\New application\SwiftDrop-SyncV5\SwiftDrop-Sync\backend\node_modules\mongoose\lib\helpers\clone.js:100:16)
    at Document.$toObject (C:\Users\dougl\OneDrive\Desktop\New application\SwiftDrop-SyncV5\SwiftDrop-Sync\backend\node_modules\mongoose\lib\document.js:3929:11)
    at Document.toJSON (C:\Users\dougl\OneDrive\Desktop\New application\SwiftDrop-SyncV5\SwiftDrop-Sync\backend\node_modules\mongoose\lib\document.js:4436:15)
2026-06-07 07:47:18 [error]: 500 — Cannot read properties of undefined (reading 'filter')
TypeError: Cannot read properties of undefined (reading 'filter')
    at model.<anonymous> (C:\Users\dougl\OneDrive\Desktop\New application\SwiftDrop-SyncV5\SwiftDrop-Sync\backend\src\models\Rider.js:166:6)
    at VirtualType.applyGetters (C:\Users\dougl\OneDrive\Desktop\New application\SwiftDrop-SyncV5\SwiftDrop-Sync\backend\node_modules\mongoose\lib\virtualType.js:152:16)
    at applyVirtuals (C:\Users\dougl\OneDrive\Desktop\New application\SwiftDrop-SyncV5\SwiftDrop-Sync\backend\node_modules\mongoose\lib\document.js:4224:26)
    at Document.$toObject (C:\Users\dougl\OneDrive\Desktop\New application\SwiftDrop-SyncV5\SwiftDrop-Sync\backend\node_modules\mongoose\lib\document.js:3951:5)
    at Document.toJSON (C:\Users\dougl\OneDrive\Desktop\New application\SwiftDrop-SyncV5\SwiftDrop-Sync\backend\node_modules\mongoose\lib\document.js:4436:15)
    at clone (C:\Users\dougl\OneDrive\Desktop\New application\SwiftDrop-SyncV5\SwiftDrop-Sync\backend\node_modules\mongoose\lib\helpers\clone.js:87:17)
    at cloneObject (C:\Users\dougl\OneDrive\Desktop\New application\SwiftDrop-SyncV5\SwiftDrop-Sync\backend\node_modules\mongoose\lib\helpers\clone.js:186:17)
    at clone (C:\Users\dougl\OneDrive\Desktop\New application\SwiftDrop-SyncV5\SwiftDrop-Sync\backend\node_modules\mongoose\lib\helpers\clone.js:100:16)
    at Document.$toObject (C:\Users\dougl\OneDrive\Desktop\New application\SwiftDrop-SyncV5\SwiftDrop-Sync\backend\node_modules\mongoose\lib\document.js:3929:11)
    at Document.toJSON (C:\Users\dougl\OneDrive\Desktop\New application\SwiftDrop-SyncV5\SwiftDrop-Sync\backend\node_modules\mongoose\lib\document.js:4436:15)
2026-06-07 07:47:22 [error]: 500 — Cannot read properties of undefined (reading 'filter')
TypeError: Cannot read properties of undefined (reading 'filter')
    at model.<anonymous> (C:\Users\dougl\OneDrive\Desktop\New application\SwiftDrop-SyncV5\SwiftDrop-Sync\backend\src\models\Rider.js:166:6)
    at VirtualType.applyGetters (C:\Users\dougl\OneDrive\Desktop\New application\SwiftDrop-SyncV5\SwiftDrop-Sync\backend\node_modules\mongoose\lib\virtualType.js:152:16)
    at applyVirtuals (C:\Users\dougl\OneDrive\Desktop\New application\SwiftDrop-SyncV5\SwiftDrop-Sync\backend\node_modules\mongoose\lib\document.js:4224:26)
    at Document.$toObject (C:\Users\dougl\OneDrive\Desktop\New application\SwiftDrop-SyncV5\SwiftDrop-Sync\backend\node_modules\mongoose\lib\document.js:3951:5)
    at Document.toJSON (C:\Users\dougl\OneDrive\Desktop\New application\SwiftDrop-SyncV5\SwiftDrop-Sync\backend\node_modules\mongoose\lib\document.js:4436:15)
    at clone (C:\Users\dougl\OneDrive\Desktop\New application\SwiftDrop-SyncV5\SwiftDrop-Sync\backend\node_modules\mongoose\lib\helpers\clone.js:87:17)
    at cloneObject (C:\Users\dougl\OneDrive\Desktop\New application\SwiftDrop-SyncV5\SwiftDrop-Sync\backend\node_modules\mongoose\lib\helpers\clone.js:186:17)
    at clone (C:\Users\dougl\OneDrive\Desktop\New application\SwiftDrop-SyncV5\SwiftDrop-Sync\backend\node_modules\mongoose\lib\helpers\clone.js:100:16)
    at Document.$toObject (C:\Users\dougl\OneDrive\Desktop\New application\SwiftDrop-SyncV5\SwiftDrop-Sync\backend\node_modules\mongoose\lib\document.js:3929:11)
    at Document.toJSON (C:\Users\dougl\OneDrive\Desktop\New application\SwiftDrop-SyncV5\SwiftDrop-Sync\backend\node_modules\mongoose\lib\document.js:4436:15)
2026-06-07 07:47:22 [error]: 500 — Cannot read properties of undefined (reading 'filter')
TypeError: Cannot read properties of undefined (reading 'filter')
    at model.<anonymous> (C:\Users\dougl\OneDrive\Desktop\New application\SwiftDrop-SyncV5\SwiftDrop-Sync\backend\src\models\Rider.js:166:6)
    at VirtualType.applyGetters (C:\Users\dougl\OneDrive\Desktop\New application\SwiftDrop-SyncV5\SwiftDrop-Sync\backend\node_modules\mongoose\lib\virtualType.js:152:16)
    at applyVirtuals (C:\Users\dougl\OneDrive\Desktop\New application\SwiftDrop-SyncV5\SwiftDrop-Sync\backend\node_modules\mongoose\lib\document.js:4224:26)
    at Document.$toObject (C:\Users\dougl\OneDrive\Desktop\New application\SwiftDrop-SyncV5\SwiftDrop-Sync\backend\node_modules\mongoose\lib\document.js:3951:5)
    at Document.toJSON (C:\Users\dougl\OneDrive\Desktop\New application\SwiftDrop-SyncV5\SwiftDrop-Sync\backend\node_modules\mongoose\lib\document.js:4436:15)
    at clone (C:\Users\dougl\OneDrive\Desktop\New application\SwiftDrop-SyncV5\SwiftDrop-Sync\backend\node_modules\mongoose\lib\helpers\clone.js:87:17)
    at cloneObject (C:\Users\dougl\OneDrive\Desktop\New application\SwiftDrop-SyncV5\SwiftDrop-Sync\backend\node_modules\mongoose\lib\helpers\clone.js:186:17)
    at clone (C:\Users\dougl\OneDrive\Desktop\New application\SwiftDrop-SyncV5\SwiftDrop-Sync\backend\node_modules\mongoose\lib\helpers\clone.js:100:16)
    at Document.$toObject (C:\Users\dougl\OneDrive\Desktop\New application\SwiftDrop-SyncV5\SwiftDrop-Sync\backend\node_modules\mongoose\lib\document.js:3929:11)
    at Document.toJSON (C:\Users\dougl\OneDrive\Desktop\New application\SwiftDrop-SyncV5\SwiftDrop-Sync\backend\node_modules\mongoose\lib\document.js:4436:15)
2026-06-07 07:47:26 [error]: 500 — Cannot read properties of undefined (reading 'filter')
TypeError: Cannot read properties of undefined (reading 'filter')
    at model.<anonymous> (C:\Users\dougl\OneDrive\Desktop\New application\SwiftDrop-SyncV5\SwiftDrop-Sync\backend\src\models\Rider.js:166:6)
    at VirtualType.applyGetters (C:\Users\dougl\OneDrive\Desktop\New application\SwiftDrop-SyncV5\SwiftDrop-Sync\backend\node_modules\mongoose\lib\virtualType.js:152:16)
    at applyVirtuals (C:\Users\dougl\OneDrive\Desktop\New application\SwiftDrop-SyncV5\SwiftDrop-Sync\backend\node_modules\mongoose\lib\document.js:4224:26)
    at Document.$toObject (C:\Users\dougl\OneDrive\Desktop\New application\SwiftDrop-SyncV5\SwiftDrop-Sync\backend\node_modules\mongoose\lib\document.js:3951:5)
    at Document.toJSON (C:\Users\dougl\OneDrive\Desktop\New application\SwiftDrop-SyncV5\SwiftDrop-Sync\backend\node_modules\mongoose\lib\document.js:4436:15)
    at clone (C:\Users\dougl\OneDrive\Desktop\New application\SwiftDrop-SyncV5\SwiftDrop-Sync\backend\node_modules\mongoose\lib\helpers\clone.js:87:17)
    at cloneObject (C:\Users\dougl\OneDrive\Desktop\New application\SwiftDrop-SyncV5\SwiftDrop-Sync\backend\node_modules\mongoose\lib\helpers\clone.js:186:17)
    at clone (C:\Users\dougl\OneDrive\Desktop\New application\SwiftDrop-SyncV5\SwiftDrop-Sync\backend\node_modules\mongoose\lib\helpers\clone.js:100:16)
    at Document.$toObject (C:\Users\dougl\OneDrive\Desktop\New application\SwiftDrop-SyncV5\SwiftDrop-Sync\backend\node_modules\mongoose\lib\document.js:3929:11)
    at Document.toJSON (C:\Users\dougl\OneDrive\Desktop\New application\SwiftDrop-SyncV5\SwiftDrop-Sync\backend\node_modules\mongoose\lib\document.js:4436:15)
2026-06-07 07:47:30 [error]: 500 — Cannot read properties of undefined (reading 'filter')
TypeError: Cannot read properties of undefined (reading 'filter')
    at model.<anonymous> (C:\Users\dougl\OneDrive\Desktop\New application\SwiftDrop-SyncV5\SwiftDrop-Sync\backend\src\models\Rider.js:166:6)
    at VirtualType.applyGetters (C:\Users\dougl\OneDrive\Desktop\New application\SwiftDrop-SyncV5\SwiftDrop-Sync\backend\node_modules\mongoose\lib\virtualType.js:152:16)
    at applyVirtuals (C:\Users\dougl\OneDrive\Desktop\New application\SwiftDrop-SyncV5\SwiftDrop-Sync\backend\node_modules\mongoose\lib\document.js:4224:26)
    at Document.$toObject (C:\Users\dougl\OneDrive\Desktop\New application\SwiftDrop-SyncV5\SwiftDrop-Sync\backend\node_modules\mongoose\lib\document.js:3951:5)
    at Document.toJSON (C:\Users\dougl\OneDrive\Desktop\New application\SwiftDrop-SyncV5\SwiftDrop-Sync\backend\node_modules\mongoose\lib\document.js:4436:15)
    at clone (C:\Users\dougl\OneDrive\Desktop\New application\SwiftDrop-SyncV5\SwiftDrop-Sync\backend\node_modules\mongoose\lib\helpers\clone.js:87:17)
    at cloneObject (C:\Users\dougl\OneDrive\Desktop\New application\SwiftDrop-SyncV5\SwiftDrop-Sync\backend\node_modules\mongoose\lib\helpers\clone.js:186:17)
    at clone (C:\Users\dougl\OneDrive\Desktop\New application\SwiftDrop-SyncV5\SwiftDrop-Sync\backend\node_modules\mongoose\lib\helpers\clone.js:100:16)
    at Document.$toObject (C:\Users\dougl\OneDrive\Desktop\New application\SwiftDrop-SyncV5\SwiftDrop-Sync\backend\node_modules\mongoose\lib\document.js:3929:11)
    at Document.toJSON (C:\Users\dougl\OneDrive\Desktop\New application\SwiftDrop-SyncV5\SwiftDrop-Sync\backend\node_modules\mongoose\lib\document.js:4436:15)
2026-06-07 07:47:34 [error]: 500 — Cannot read properties of undefined (reading 'filter')
TypeError: Cannot read properties of undefined (reading 'filter')
    at model.<anonymous> (C:\Users\dougl\OneDrive\Desktop\New application\SwiftDrop-SyncV5\SwiftDrop-Sync\backend\src\models\Rider.js:166:6)
    at VirtualType.applyGetters (C:\Users\dougl\OneDrive\Desktop\New application\SwiftDrop-SyncV5\SwiftDrop-Sync\backend\node_modules\mongoose\lib\virtualType.js:152:16)
    at applyVirtuals (C:\Users\dougl\OneDrive\Desktop\New application\SwiftDrop-SyncV5\SwiftDrop-Sync\backend\node_modules\mongoose\lib\document.js:4224:26)
    at Document.$toObject (C:\Users\dougl\OneDrive\Desktop\New application\SwiftDrop-SyncV5\SwiftDrop-Sync\backend\node_modules\mongoose\lib\document.js:3951:5)
    at Document.toJSON (C:\Users\dougl\OneDrive\Desktop\New application\SwiftDrop-SyncV5\SwiftDrop-Sync\backend\node_modules\mongoose\lib\document.js:4436:15)
    at clone (C:\Users\dougl\OneDrive\Desktop\New application\SwiftDrop-SyncV5\SwiftDrop-Sync\backend\node_modules\mongoose\lib\helpers\clone.js:87:17)
    at cloneObject (C:\Users\dougl\OneDrive\Desktop\New application\SwiftDrop-SyncV5\SwiftDrop-Sync\backend\node_modules\mongoose\lib\helpers\clone.js:186:17)
    at clone (C:\Users\dougl\OneDrive\Desktop\New application\SwiftDrop-SyncV5\SwiftDrop-Sync\backend\node_modules\mongoose\lib\helpers\clone.js:100:16)
    at Document.$toObject (C:\Users\dougl\OneDrive\Desktop\New application\SwiftDrop-SyncV5\SwiftDrop-Sync\backend\node_modules\mongoose\lib\document.js:3929:11)
    at Document.toJSON (C:\Users\dougl\OneDrive\Desktop\New application\SwiftDrop-SyncV5\SwiftDrop-Sync\backend\node_modules\mongoose\lib\document.js:4436:15)
2026-06-07 07:47:37 [error]: 500 — Cannot read properties of undefined (reading 'filter')
TypeError: Cannot read properties of undefined (reading 'filter')
    at model.<anonymous> (C:\Users\dougl\OneDrive\Desktop\New application\SwiftDrop-SyncV5\SwiftDrop-Sync\backend\src\models\Rider.js:166:6)
    at VirtualType.applyGetters (C:\Users\dougl\OneDrive\Desktop\New application\SwiftDrop-SyncV5\SwiftDrop-Sync\backend\node_modules\mongoose\lib\virtualType.js:152:16)
    at applyVirtuals (C:\Users\dougl\OneDrive\Desktop\New application\SwiftDrop-SyncV5\SwiftDrop-Sync\backend\node_modules\mongoose\lib\document.js:4224:26)
    at Document.$toObject (C:\Users\dougl\OneDrive\Desktop\New application\SwiftDrop-SyncV5\SwiftDrop-Sync\backend\node_modules\mongoose\lib\document.js:3951:5)
    at Document.toJSON (C:\Users\dougl\OneDrive\Desktop\New application\SwiftDrop-SyncV5\SwiftDrop-Sync\backend\node_modules\mongoose\lib\document.js:4436:15)
    at clone (C:\Users\dougl\OneDrive\Desktop\New application\SwiftDrop-SyncV5\SwiftDrop-Sync\backend\node_modules\mongoose\lib\helpers\clone.js:87:17)
    at cloneObject (C:\Users\dougl\OneDrive\Desktop\New application\SwiftDrop-SyncV5\SwiftDrop-Sync\backend\node_modules\mongoose\lib\helpers\clone.js:186:17)
    at clone (C:\Users\dougl\OneDrive\Desktop\New application\SwiftDrop-SyncV5\SwiftDrop-Sync\backend\node_modules\mongoose\lib\helpers\clone.js:100:16)
    at Document.$toObject (C:\Users\dougl\OneDrive\Desktop\New application\SwiftDrop-SyncV5\SwiftDrop-Sync\backend\node_modules\mongoose\lib\document.js:3929:11)
    at Document.toJSON (C:\Users\dougl\OneDrive\Desktop\New application\SwiftDrop-SyncV5\SwiftDrop-Sync\backend\node_modules\mongoose\lib\document.js:4436:15)
2026-06-07 07:48:30 [error]: 500 — Cannot read properties of undefined (reading 'filter')
TypeError: Cannot read properties of undefined (reading 'filter')
    at model.<anonymous> (C:\Users\dougl\OneDrive\Desktop\New application\SwiftDrop-SyncV5\SwiftDrop-Sync\backend\src\models\Rider.js:166:6)
    at VirtualType.applyGetters (C:\Users\dougl\OneDrive\Desktop\New application\SwiftDrop-SyncV5\SwiftDrop-Sync\backend\node_modules\mongoose\lib\virtualType.js:152:16)
    at applyVirtuals (C:\Users\dougl\OneDrive\Desktop\New application\SwiftDrop-SyncV5\SwiftDrop-Sync\backend\node_modules\mongoose\lib\document.js:4224:26)
    at Document.$toObject (C:\Users\dougl\OneDrive\Desktop\New application\SwiftDrop-SyncV5\SwiftDrop-Sync\backend\node_modules\mongoose\lib\document.js:3951:5)
    at Document.toJSON (C:\Users\dougl\OneDrive\Desktop\New application\SwiftDrop-SyncV5\SwiftDrop-Sync\backend\node_modules\mongoose\lib\document.js:4436:15)
    at clone (C:\Users\dougl\OneDrive\Desktop\New application\SwiftDrop-SyncV5\SwiftDrop-Sync\backend\node_modules\mongoose\lib\helpers\clone.js:87:17)
    at cloneObject (C:\Users\dougl\OneDrive\Desktop\New application\SwiftDrop-SyncV5\SwiftDrop-Sync\backend\node_modules\mongoose\lib\helpers\clone.js:186:17)
    at clone (C:\Users\dougl\OneDrive\Desktop\New application\SwiftDrop-SyncV5\SwiftDrop-Sync\backend\node_modules\mongoose\lib\helpers\clone.js:100:16)
    at Document.$toObject (C:\Users\dougl\OneDrive\Desktop\New application\SwiftDrop-SyncV5\SwiftDrop-Sync\backend\node_modules\mongoose\lib\document.js:3929:11)
    at Document.toJSON (C:\Users\dougl\OneDrive\Desktop\New application\SwiftDrop-SyncV5\SwiftDrop-Sync\backend\node_modules\mongoose\lib\document.js:4436:15)
2026-06-16 22:41:52 [error]: Uncaught exception: listen EADDRINUSE: address already in use 0.0.0.0:5000
2026-06-16 22:42:25 [error]: Uncaught exception: listen EADDRINUSE: address already in use 0.0.0.0:5000
